Build started 11/9/2016 2:55:56 PM.
     1>Project "C:\Users\frazeeat\Desktop\ZoneControl\GameCPP\GameCPP\GameCPP.vcxproj" on node 2 (Build target(s)).
     1>ClCompile:
         C:\Program Files (x86)\Microsoft Visual Studio 14.0\VC\bin\CL.exe /c /I"C:\Program Files (x86)\Microsoft SDKs\Windows" /AI"C:\Program Files (x86)\Microsoft SDKs\Windows" /Zi /nologo /W3 /WX- /O2 /Oi /Oy- /GL /D WIN32 /D NDEBUG /D _CONSOLE /D _LIB /D _USING_V110_SDK71_ /D _UNICODE /D UNICODE /Gm- /EHsc /MD /GS /Gy /fp:precise /Zc:wchar_t /Zc:forScope /Zc:inline /Fo"Release\\" /Fd"Release\vc140.pdb" /Gd /TP /analyze- /errorReport:prompt AlphaBetaBreakthroughPlayer.cpp
         AlphaBetaBreakthroughPlayer.cpp
     1>AlphaBetaBreakthroughPlayer.cpp(73): warning C4244: 'initializing': conversion from 'time_t' to 'long', possible loss of data
     1>AlphaBetaBreakthroughPlayer.cpp(77): warning C4244: '=': conversion from 'time_t' to 'long', possible loss of data
     1>AlphaBetaBreakthroughPlayer.cpp(168): warning C4018: '<': signed/unsigned mismatch
       Link:
         C:\Program Files (x86)\Microsoft Visual Studio 14.0\VC\bin\link.exe /ERRORREPORT:PROMPT /OUT:"C:\Users\frazeeat\Desktop\ZoneControl\GameCPP\Release\GameCPP.exe" /INCREMENTAL:NO /NOLOGO kernel32.lib user32.lib gdi32.lib winspool.lib comdlg32.lib advapi32.lib shell32.lib ole32.lib oleaut32.lib uuid.lib odbc32.lib odbccp32.lib /MANIFEST /MANIFESTUAC:"level='asInvoker' uiAccess='false'" /manifest:embed /Debug /PDB:"C:\Users\frazeeat\Desktop\ZoneControl\GameCPP\Release\GameCPP.pdb" /SUBSYSTEM:CONSOLE,"5.01" /OPT:REF /OPT:ICF /LTCG:incremental /TLBID:1 /DYNAMICBASE /NXCOMPAT /IMPLIB:"C:\Users\frazeeat\Desktop\ZoneControl\GameCPP\Release\GameCPP.lib" /MACHINE:X86 /SAFESEH Release\AlphaBetaBreakthroughPlayer.obj
         Release\BoardGameMove.obj
         Release\BoardGameState.obj
         Release\BreakthroughState.obj
         Release\ClobberState.obj
         Release\DomineeringState.obj
         Release\GamePlayer.obj
         Release\GameState.obj
         Release\GameStateFactory.obj
         Release\Heuristic.obj
         Release\main.obj
         Release\Network.obj
         Release\Params.obj
         Release\RandomBreakthroughPlayer.obj
         Release\RandomDomineeringPlayer.obj
         Generating code
         1 of 1163 functions ( 0.1%) were compiled, the rest were copied from previous compilation.
           0 functions were new in current compilation
           11 functions had inline decision re-evaluated but remain unchanged
         Finished generating code
         GameCPP.vcxproj -> C:\Users\frazeeat\Desktop\ZoneControl\GameCPP\Release\GameCPP.exe
     1>Done Building Project "C:\Users\frazeeat\Desktop\ZoneControl\GameCPP\GameCPP\GameCPP.vcxproj" (Build target(s)).

Build succeeded.

Time Elapsed 00:00:01.31
