c:\users\adam\downloads\gamecpp\gamecpp\gamecpp\debug\vc120.pdb
c:\users\adam\downloads\gamecpp\gamecpp\gamecpp\debug\vc120.idb
c:\users\adam\downloads\gamecpp\gamecpp\gamecpp\debug\boardgamemove.obj
c:\users\adam\downloads\gamecpp\gamecpp\gamecpp\debug\boardgamestate.obj
c:\users\adam\downloads\gamecpp\gamecpp\gamecpp\debug\breakthroughstate.obj
c:\users\adam\downloads\gamecpp\gamecpp\gamecpp\debug\clobberstate.obj
c:\users\adam\downloads\gamecpp\gamecpp\gamecpp\debug\domineeringstate.obj
c:\users\adam\downloads\gamecpp\gamecpp\gamecpp\debug\gamestate.obj
c:\users\adam\downloads\gamecpp\gamecpp\gamecpp\debug\gamestatefactory.obj
c:\users\adam\downloads\gamecpp\gamecpp\gamecpp\debug\params.obj
c:\users\stephen\desktop\cse 486\game project\zonecontrol\gamecpp\gamecpp\debug\vc120.pdb
c:\users\stephen\desktop\cse 486\game project\zonecontrol\gamecpp\gamecpp\debug\vc120.idb
c:\users\stephen\desktop\cse 486\game project\zonecontrol\gamecpp\gamecpp\debug\boardgamemove.obj
c:\users\stephen\desktop\cse 486\game project\zonecontrol\gamecpp\gamecpp\debug\boardgamestate.obj
c:\users\stephen\desktop\cse 486\game project\zonecontrol\gamecpp\gamecpp\debug\breakthroughstate.obj
c:\users\stephen\desktop\cse 486\game project\zonecontrol\gamecpp\gamecpp\debug\clobberstate.obj
c:\users\stephen\desktop\cse 486\game project\zonecontrol\gamecpp\gamecpp\debug\domineeringstate.obj
c:\users\stephen\desktop\cse 486\game project\zonecontrol\gamecpp\gamecpp\debug\gameplayer.obj
c:\users\stephen\desktop\cse 486\game project\zonecontrol\gamecpp\gamecpp\debug\gamestate.obj
c:\users\stephen\desktop\cse 486\game project\zonecontrol\gamecpp\gamecpp\debug\gamestatefactory.obj
c:\users\stephen\desktop\cse 486\game project\zonecontrol\gamecpp\gamecpp\debug\main.obj
c:\users\stephen\desktop\cse 486\game project\zonecontrol\gamecpp\gamecpp\debug\network.obj
c:\users\stephen\desktop\cse 486\game project\zonecontrol\gamecpp\gamecpp\debug\params.obj
c:\users\stephen\desktop\cse 486\game project\zonecontrol\gamecpp\gamecpp\debug\randombreakthroughplayer.obj
c:\users\stephen\desktop\cse 486\game project\zonecontrol\gamecpp\gamecpp\debug\randomdomineeringplayer.obj
c:\users\stephen\desktop\cse 486\game project\zonecontrol\gamecpp\gamecpp\debug\alphabetabreakthroughplayer.obj
c:\users\stephen\desktop\cse 486\game project\zonecontrol\gamecpp\debug\gamecpp.pdb
c:\users\stephen\desktop\cse 486\game project\zonecontrol\gamecpp\gamecpp\debug\gamecpp.tlog\cl.command.1.tlog
c:\users\stephen\desktop\cse 486\game project\zonecontrol\gamecpp\gamecpp\debug\gamecpp.tlog\cl.read.1.tlog
c:\users\stephen\desktop\cse 486\game project\zonecontrol\gamecpp\gamecpp\debug\gamecpp.tlog\cl.write.1.tlog
c:\users\stephen\desktop\cse 486\game project\zonecontrol\gamecpp\gamecpp\debug\gamecpp.tlog\link-cvtres.read.1.tlog
c:\users\stephen\desktop\cse 486\game project\zonecontrol\gamecpp\gamecpp\debug\gamecpp.tlog\link-cvtres.write.1.tlog
c:\users\stephen\desktop\cse 486\game project\zonecontrol\gamecpp\gamecpp\debug\gamecpp.tlog\link-rc.read.1.tlog
c:\users\stephen\desktop\cse 486\game project\zonecontrol\gamecpp\gamecpp\debug\gamecpp.tlog\link-rc.write.1.tlog
c:\users\stephen\desktop\cse 486\game project\zonecontrol\gamecpp\gamecpp\debug\gamecpp.tlog\link.command.1.tlog
c:\users\stephen\desktop\cse 486\game project\zonecontrol\gamecpp\gamecpp\debug\gamecpp.tlog\link.read.1.tlog
c:\users\stephen\desktop\cse 486\game project\zonecontrol\gamecpp\gamecpp\debug\gamecpp.tlog\link.write.1.tlog
